<?xml version="1.0" encoding="UTF-8"?>
<!-- Generated by org.testng.reporters.JUnitReportReporter -->
<testsuite hostname="Aritras-MacBook-Air.local" failures="0" tests="1" name="TestCases.ReadProperties" time="0.015" errors="0" timestamp="2020-08-19T15:24:40 EDT" skipped="0">
  <testcase classname="TestCases.ReadProperties" name="CallBrowser" time="0.015"/>
  <system-out/>
</testsuite> <!-- TestCases.ReadProperties -->
